{"timestamp":"2025-10-06T16:26:54.885978Z","level":"info","event":"DAG bundles loaded: dags-folder","logger":"airflow.dag_processing.bundles.manager.DagBundlesManager","filename":"manager.py","lineno":179}
{"timestamp":"2025-10-06T16:26:54.886884Z","level":"info","event":"Filling up the DagBag from /opt/airflow/dags/etl_run_dag.py","logger":"airflow.models.dagbag.DagBag","filename":"dagbag.py","lineno":593}
{"timestamp":"2025-10-06T16:26:55.281618Z","level":"info","event":"Tmp dir root location: /tmp","logger":"airflow.task.hooks.airflow.providers.standard.hooks.subprocess.SubprocessHook","filename":"subprocess.py","lineno":78}
{"timestamp":"2025-10-06T16:26:55.282536Z","level":"info","event":"Running command: ['/usr/bin/bash', '-c', 'bash -lc \\'\\npython - <<PY\\nimport importlib, sys\\nreqs = [\"minio\", \"pandas\", \"sqlalchemy\", \"psycopg2\"]\\nmissing = [r for r in reqs if importlib.util.find_spec(r) is None]\\nif missing:\\n    print(\"Missing packages:\", missing)\\n    sys.exit(1)\\nelse:\\n    print(\"All required packages present\")\\n    sys.exit(0)\\nPY\\n\\' || python -m pip install --no-cache-dir -r /opt/airflow/mini-etl/requirements.txt && python /opt/airflow/mini-etl/etl.py']","logger":"airflow.task.hooks.airflow.providers.standard.hooks.subprocess.SubprocessHook","filename":"subprocess.py","lineno":88}
{"timestamp":"2025-10-06T16:26:55.291648Z","level":"info","event":"Output:","logger":"airflow.task.hooks.airflow.providers.standard.hooks.subprocess.SubprocessHook","filename":"subprocess.py","lineno":99}
{"timestamp":"2025-10-06T16:26:55.311722Z","level":"info","event":"Traceback (most recent call last):","logger":"airflow.task.hooks.airflow.providers.standard.hooks.subprocess.SubprocessHook","filename":"subprocess.py","lineno":106}
{"timestamp":"2025-10-06T16:26:55.311842Z","level":"info","event":"  File \"<stdin>\", line 3, in <module>","logger":"airflow.task.hooks.airflow.providers.standard.hooks.subprocess.SubprocessHook","filename":"subprocess.py","lineno":106}
{"timestamp":"2025-10-06T16:26:55.311894Z","level":"info","event":"AttributeError: module 'importlib' has no attribute 'util'","logger":"airflow.task.hooks.airflow.providers.standard.hooks.subprocess.SubprocessHook","filename":"subprocess.py","lineno":106}
{"timestamp":"2025-10-06T16:26:55.909151Z","level":"info","event":"Collecting minio (from -r /opt/airflow/mini-etl/requirements.txt (line 1))","logger":"airflow.task.hooks.airflow.providers.standard.hooks.subprocess.SubprocessHook","filename":"subprocess.py","lineno":106}
{"timestamp":"2025-10-06T16:26:56.068268Z","level":"info","event":"  Downloading minio-7.2.18-py3-none-any.whl.metadata (6.5 kB)","logger":"airflow.task.hooks.airflow.providers.standard.hooks.subprocess.SubprocessHook","filename":"subprocess.py","lineno":106}
{"timestamp":"2025-10-06T16:26:56.271827Z","level":"info","event":"Collecting pandas (from -r /opt/airflow/mini-etl/requirements.txt (line 2))","logger":"airflow.task.hooks.airflow.providers.standard.hooks.subprocess.SubprocessHook","filename":"subprocess.py","lineno":106}
{"timestamp":"2025-10-06T16:26:56.315942Z","level":"info","event":"  Downloading pandas-2.3.3-cp312-cp312-manylinux_2_24_x86_64.manylinux_2_28_x86_64.whl.metadata (91 kB)","logger":"airflow.task.hooks.airflow.providers.standard.hooks.subprocess.SubprocessHook","filename":"subprocess.py","lineno":106}
{"timestamp":"2025-10-06T16:26:56.679556Z","level":"info","event":"Collecting sqlalchemy (from -r /opt/airflow/mini-etl/requirements.txt (line 3))","logger":"airflow.task.hooks.airflow.providers.standard.hooks.subprocess.SubprocessHook","filename":"subprocess.py","lineno":106}
{"timestamp":"2025-10-06T16:26:56.725506Z","level":"info","event":"  Downloading sqlalchemy-2.0.43-cp312-cp312-manylinux_2_17_x86_64.manylinux2014_x86_64.whl.metadata (9.6 kB)","logger":"airflow.task.hooks.airflow.providers.standard.hooks.subprocess.SubprocessHook","filename":"subprocess.py","lineno":106}
{"timestamp":"2025-10-06T16:26:56.813104Z","level":"info","event":"Collecting psycopg2-binary (from -r /opt/airflow/mini-etl/requirements.txt (line 4))","logger":"airflow.task.hooks.airflow.providers.standard.hooks.subprocess.SubprocessHook","filename":"subprocess.py","lineno":106}
{"timestamp":"2025-10-06T16:26:56.860034Z","level":"info","event":"  Downloading psycopg2_binary-2.9.10-cp312-cp312-manylinux_2_17_x86_64.manylinux2014_x86_64.whl.metadata (4.9 kB)","logger":"airflow.task.hooks.airflow.providers.standard.hooks.subprocess.SubprocessHook","filename":"subprocess.py","lineno":106}
{"timestamp":"2025-10-06T16:26:56.914180Z","level":"info","event":"Collecting argon2-cffi (from minio->-r /opt/airflow/mini-etl/requirements.txt (line 1))","logger":"airflow.task.hooks.airflow.providers.standard.hooks.subprocess.SubprocessHook","filename":"subprocess.py","lineno":106}
{"timestamp":"2025-10-06T16:26:56.958133Z","level":"info","event":"  Downloading argon2_cffi-25.1.0-py3-none-any.whl.metadata (4.1 kB)","logger":"airflow.task.hooks.airflow.providers.standard.hooks.subprocess.SubprocessHook","filename":"subprocess.py","lineno":106}
{"timestamp":"2025-10-06T16:26:57.012399Z","level":"info","event":"Collecting certifi (from minio->-r /opt/airflow/mini-etl/requirements.txt (line 1))","logger":"airflow.task.hooks.airflow.providers.standard.hooks.subprocess.SubprocessHook","filename":"subprocess.py","lineno":106}
{"timestamp":"2025-10-06T16:26:57.058353Z","level":"info","event":"  Downloading certifi-2025.10.5-py3-none-any.whl.metadata (2.5 kB)","logger":"airflow.task.hooks.airflow.providers.standard.hooks.subprocess.SubprocessHook","filename":"subprocess.py","lineno":106}
{"timestamp":"2025-10-06T16:26:57.153979Z","level":"info","event":"Collecting pycryptodome (from minio->-r /opt/airflow/mini-etl/requirements.txt (line 1))","logger":"airflow.task.hooks.airflow.providers.standard.hooks.subprocess.SubprocessHook","filename":"subprocess.py","lineno":106}
{"timestamp":"2025-10-06T16:26:57.198594Z","level":"info","event":"  Downloading pycryptodome-3.23.0-cp37-abi3-manylinux_2_17_x86_64.manylinux2014_x86_64.whl.metadata (3.4 kB)","logger":"airflow.task.hooks.airflow.providers.standard.hooks.subprocess.SubprocessHook","filename":"subprocess.py","lineno":106}
{"timestamp":"2025-10-06T16:26:57.253704Z","level":"info","event":"Collecting typing-extensions (from minio->-r /opt/airflow/mini-etl/requirements.txt (line 1))","logger":"airflow.task.hooks.airflow.providers.standard.hooks.subprocess.SubprocessHook","filename":"subprocess.py","lineno":106}
{"timestamp":"2025-10-06T16:26:57.298219Z","level":"info","event":"  Downloading typing_extensions-4.15.0-py3-none-any.whl.metadata (3.3 kB)","logger":"airflow.task.hooks.airflow.providers.standard.hooks.subprocess.SubprocessHook","filename":"subprocess.py","lineno":106}
{"timestamp":"2025-10-06T16:26:57.355064Z","level":"info","event":"Collecting urllib3 (from minio->-r /opt/airflow/mini-etl/requirements.txt (line 1))","logger":"airflow.task.hooks.airflow.providers.standard.hooks.subprocess.SubprocessHook","filename":"subprocess.py","lineno":106}
{"timestamp":"2025-10-06T16:26:57.398702Z","level":"info","event":"  Downloading urllib3-2.5.0-py3-none-any.whl.metadata (6.5 kB)","logger":"airflow.task.hooks.airflow.providers.standard.hooks.subprocess.SubprocessHook","filename":"subprocess.py","lineno":106}
{"timestamp":"2025-10-06T16:26:57.553995Z","level":"info","event":"Collecting numpy>=1.26.0 (from pandas->-r /opt/airflow/mini-etl/requirements.txt (line 2))","logger":"airflow.task.hooks.airflow.providers.standard.hooks.subprocess.SubprocessHook","filename":"subprocess.py","lineno":106}
{"timestamp":"2025-10-06T16:26:57.598909Z","level":"info","event":"  Downloading numpy-2.3.3-cp312-cp312-manylinux_2_27_x86_64.manylinux_2_28_x86_64.whl.metadata (62 kB)","logger":"airflow.task.hooks.airflow.providers.standard.hooks.subprocess.SubprocessHook","filename":"subprocess.py","lineno":106}
{"timestamp":"2025-10-06T16:26:57.665055Z","level":"info","event":"Collecting python-dateutil>=2.8.2 (from pandas->-r /opt/airflow/mini-etl/requirements.txt (line 2))","logger":"airflow.task.hooks.airflow.providers.standard.hooks.subprocess.SubprocessHook","filename":"subprocess.py","lineno":106}
{"timestamp":"2025-10-06T16:26:57.708993Z","level":"info","event":"  Downloading python_dateutil-2.9.0.post0-py2.py3-none-any.whl.metadata (8.4 kB)","logger":"airflow.task.hooks.airflow.providers.standard.hooks.subprocess.SubprocessHook","filename":"subprocess.py","lineno":106}
{"timestamp":"2025-10-06T16:26:57.776882Z","level":"info","event":"Collecting pytz>=2020.1 (from pandas->-r /opt/airflow/mini-etl/requirements.txt (line 2))","logger":"airflow.task.hooks.airflow.providers.standard.hooks.subprocess.SubprocessHook","filename":"subprocess.py","lineno":106}
{"timestamp":"2025-10-06T16:26:57.821132Z","level":"info","event":"  Downloading pytz-2025.2-py2.py3-none-any.whl.metadata (22 kB)","logger":"airflow.task.hooks.airflow.providers.standard.hooks.subprocess.SubprocessHook","filename":"subprocess.py","lineno":106}
{"timestamp":"2025-10-06T16:26:57.876215Z","level":"info","event":"Collecting tzdata>=2022.7 (from pandas->-r /opt/airflow/mini-etl/requirements.txt (line 2))","logger":"airflow.task.hooks.airflow.providers.standard.hooks.subprocess.SubprocessHook","filename":"subprocess.py","lineno":106}
{"timestamp":"2025-10-06T16:26:57.919925Z","level":"info","event":"  Downloading tzdata-2025.2-py2.py3-none-any.whl.metadata (1.4 kB)","logger":"airflow.task.hooks.airflow.providers.standard.hooks.subprocess.SubprocessHook","filename":"subprocess.py","lineno":106}
{"timestamp":"2025-10-06T16:26:58.061862Z","level":"info","event":"Collecting greenlet>=1 (from sqlalchemy->-r /opt/airflow/mini-etl/requirements.txt (line 3))","logger":"airflow.task.hooks.airflow.providers.standard.hooks.subprocess.SubprocessHook","filename":"subprocess.py","lineno":106}
{"timestamp":"2025-10-06T16:26:58.116184Z","level":"info","event":"  Downloading greenlet-3.2.4-cp312-cp312-manylinux_2_24_x86_64.manylinux_2_28_x86_64.whl.metadata (4.1 kB)","logger":"airflow.task.hooks.airflow.providers.standard.hooks.subprocess.SubprocessHook","filename":"subprocess.py","lineno":106}
{"timestamp":"2025-10-06T16:26:58.169821Z","level":"info","event":"Collecting six>=1.5 (from python-dateutil>=2.8.2->pandas->-r /opt/airflow/mini-etl/requirements.txt (line 2))","logger":"airflow.task.hooks.airflow.providers.standard.hooks.subprocess.SubprocessHook","filename":"subprocess.py","lineno":106}
{"timestamp":"2025-10-06T16:26:58.215352Z","level":"info","event":"  Downloading six-1.17.0-py2.py3-none-any.whl.metadata (1.7 kB)","logger":"airflow.task.hooks.airflow.providers.standard.hooks.subprocess.SubprocessHook","filename":"subprocess.py","lineno":106}
{"timestamp":"2025-10-06T16:26:58.266685Z","level":"info","event":"Collecting argon2-cffi-bindings (from argon2-cffi->minio->-r /opt/airflow/mini-etl/requirements.txt (line 1))","logger":"airflow.task.hooks.airflow.providers.standard.hooks.subprocess.SubprocessHook","filename":"subprocess.py","lineno":106}
{"timestamp":"2025-10-06T16:26:58.311652Z","level":"info","event":"  Downloading argon2_cffi_bindings-25.1.0-cp39-abi3-manylinux_2_26_x86_64.manylinux_2_28_x86_64.whl.metadata (7.4 kB)","logger":"airflow.task.hooks.airflow.providers.standard.hooks.subprocess.SubprocessHook","filename":"subprocess.py","lineno":106}
{"timestamp":"2025-10-06T16:26:58.436356Z","level":"info","event":"Collecting cffi>=1.0.1 (from argon2-cffi-bindings->argon2-cffi->minio->-r /opt/airflow/mini-etl/requirements.txt (line 1))","logger":"airflow.task.hooks.airflow.providers.standard.hooks.subprocess.SubprocessHook","filename":"subprocess.py","lineno":106}
{"timestamp":"2025-10-06T16:26:58.483249Z","level":"info","event":"  Downloading cffi-2.0.0-cp312-cp312-manylinux2014_x86_64.manylinux_2_17_x86_64.whl.metadata (2.6 kB)","logger":"airflow.task.hooks.airflow.providers.standard.hooks.subprocess.SubprocessHook","filename":"subprocess.py","lineno":106}
{"timestamp":"2025-10-06T16:26:58.531771Z","level":"info","event":"Collecting pycparser (from cffi>=1.0.1->argon2-cffi-bindings->argon2-cffi->minio->-r /opt/airflow/mini-etl/requirements.txt (line 1))","logger":"airflow.task.hooks.airflow.providers.standard.hooks.subprocess.SubprocessHook","filename":"subprocess.py","lineno":106}
{"timestamp":"2025-10-06T16:26:58.575560Z","level":"info","event":"  Downloading pycparser-2.23-py3-none-any.whl.metadata (993 bytes)","logger":"airflow.task.hooks.airflow.providers.standard.hooks.subprocess.SubprocessHook","filename":"subprocess.py","lineno":106}
{"timestamp":"2025-10-06T16:26:58.624711Z","level":"info","event":"Downloading minio-7.2.18-py3-none-any.whl (93 kB)","logger":"airflow.task.hooks.airflow.providers.standard.hooks.subprocess.SubprocessHook","filename":"subprocess.py","lineno":106}
{"timestamp":"2025-10-06T16:26:58.689789Z","level":"info","event":"Downloading pandas-2.3.3-cp312-cp312-manylinux_2_24_x86_64.manylinux_2_28_x86_64.whl (12.4 MB)","logger":"airflow.task.hooks.airflow.providers.standard.hooks.subprocess.SubprocessHook","filename":"subprocess.py","lineno":106}
{"timestamp":"2025-10-06T16:27:01.881589Z","level":"info","event":"   ━━━━━━━━━━━━━━━━━━━━━━━━━━━━━━━━━━━━━━━━ 12.4/12.4 MB 3.9 MB/s eta 0:00:00","logger":"airflow.task.hooks.airflow.providers.standard.hooks.subprocess.SubprocessHook","filename":"subprocess.py","lineno":106}
{"timestamp":"2025-10-06T16:27:01.928178Z","level":"info","event":"Downloading sqlalchemy-2.0.43-cp312-cp312-manylinux_2_17_x86_64.manylinux2014_x86_64.whl (3.3 MB)","logger":"airflow.task.hooks.airflow.providers.standard.hooks.subprocess.SubprocessHook","filename":"subprocess.py","lineno":106}
{"timestamp":"2025-10-06T16:27:03.119219Z","level":"info","event":"   ━━━━━━━━━━━━━━━━━━━━━━━━━━━━━━━━━━━━━━━━ 3.3/3.3 MB 2.7 MB/s eta 0:00:00","logger":"airflow.task.hooks.airflow.providers.standard.hooks.subprocess.SubprocessHook","filename":"subprocess.py","lineno":106}
{"timestamp":"2025-10-06T16:27:03.165384Z","level":"info","event":"Downloading psycopg2_binary-2.9.10-cp312-cp312-manylinux_2_17_x86_64.manylinux2014_x86_64.whl (3.0 MB)","logger":"airflow.task.hooks.airflow.providers.standard.hooks.subprocess.SubprocessHook","filename":"subprocess.py","lineno":106}
{"timestamp":"2025-10-06T16:27:04.289313Z","level":"info","event":"   ━━━━━━━━━━━━━━━━━━━━━━━━━━━━━━━━━━━━━━━━ 3.0/3.0 MB 2.7 MB/s eta 0:00:00","logger":"airflow.task.hooks.airflow.providers.standard.hooks.subprocess.SubprocessHook","filename":"subprocess.py","lineno":106}
{"timestamp":"2025-10-06T16:27:04.334641Z","level":"info","event":"Downloading greenlet-3.2.4-cp312-cp312-manylinux_2_24_x86_64.manylinux_2_28_x86_64.whl (607 kB)","logger":"airflow.task.hooks.airflow.providers.standard.hooks.subprocess.SubprocessHook","filename":"subprocess.py","lineno":106}
{"timestamp":"2025-10-06T16:27:31.980165Z","level":"info","event":"   ━━━━━━━━━━━━━━━━━━━━━━━━━━━━━━━━━━━━━━━━ 607.6/607.6 kB 3.2 MB/s eta 0:00:00","logger":"airflow.task.hooks.airflow.providers.standard.hooks.subprocess.SubprocessHook","filename":"subprocess.py","lineno":106}
{"timestamp":"2025-10-06T16:27:32.024587Z","level":"info","event":"Downloading numpy-2.3.3-cp312-cp312-manylinux_2_27_x86_64.manylinux_2_28_x86_64.whl (16.6 MB)","logger":"airflow.task.hooks.airflow.providers.standard.hooks.subprocess.SubprocessHook","filename":"subprocess.py","lineno":106}
{"timestamp":"2025-10-06T16:27:38.214573Z","level":"info","event":"   ━━━━━━━━━━━━━━━━━━━━━━━━━━━━━━━━━━━━━━━━ 16.6/16.6 MB 2.7 MB/s eta 0:00:00","logger":"airflow.task.hooks.airflow.providers.standard.hooks.subprocess.SubprocessHook","filename":"subprocess.py","lineno":106}
{"timestamp":"2025-10-06T16:27:38.257712Z","level":"info","event":"Downloading python_dateutil-2.9.0.post0-py2.py3-none-any.whl (229 kB)","logger":"airflow.task.hooks.airflow.providers.standard.hooks.subprocess.SubprocessHook","filename":"subprocess.py","lineno":106}
{"timestamp":"2025-10-06T16:27:38.370895Z","level":"info","event":"Downloading pytz-2025.2-py2.py3-none-any.whl (509 kB)","logger":"airflow.task.hooks.airflow.providers.standard.hooks.subprocess.SubprocessHook","filename":"subprocess.py","lineno":106}
{"timestamp":"2025-10-06T16:27:38.581772Z","level":"info","event":"Downloading typing_extensions-4.15.0-py3-none-any.whl (44 kB)","logger":"airflow.task.hooks.airflow.providers.standard.hooks.subprocess.SubprocessHook","filename":"subprocess.py","lineno":106}
{"timestamp":"2025-10-06T16:27:38.636204Z","level":"info","event":"Downloading tzdata-2025.2-py2.py3-none-any.whl (347 kB)","logger":"airflow.task.hooks.airflow.providers.standard.hooks.subprocess.SubprocessHook","filename":"subprocess.py","lineno":106}
{"timestamp":"2025-10-06T16:27:38.788828Z","level":"info","event":"Downloading argon2_cffi-25.1.0-py3-none-any.whl (14 kB)","logger":"airflow.task.hooks.airflow.providers.standard.hooks.subprocess.SubprocessHook","filename":"subprocess.py","lineno":106}
{"timestamp":"2025-10-06T16:27:38.834808Z","level":"info","event":"Downloading certifi-2025.10.5-py3-none-any.whl (163 kB)","logger":"airflow.task.hooks.airflow.providers.standard.hooks.subprocess.SubprocessHook","filename":"subprocess.py","lineno":106}
{"timestamp":"2025-10-06T16:27:38.929564Z","level":"info","event":"Downloading pycryptodome-3.23.0-cp37-abi3-manylinux_2_17_x86_64.manylinux2014_x86_64.whl (2.3 MB)","logger":"airflow.task.hooks.airflow.providers.standard.hooks.subprocess.SubprocessHook","filename":"subprocess.py","lineno":106}
{"timestamp":"2025-10-06T16:27:39.625159Z","level":"info","event":"   ━━━━━━━━━━━━━━━━━━━━━━━━━━━━━━━━━━━━━━━━ 2.3/2.3 MB 3.3 MB/s eta 0:00:00","logger":"airflow.task.hooks.airflow.providers.standard.hooks.subprocess.SubprocessHook","filename":"subprocess.py","lineno":106}
{"timestamp":"2025-10-06T16:27:39.668336Z","level":"info","event":"Downloading urllib3-2.5.0-py3-none-any.whl (129 kB)","logger":"airflow.task.hooks.airflow.providers.standard.hooks.subprocess.SubprocessHook","filename":"subprocess.py","lineno":106}
{"timestamp":"2025-10-06T16:27:39.743498Z","level":"info","event":"Downloading six-1.17.0-py2.py3-none-any.whl (11 kB)","logger":"airflow.task.hooks.airflow.providers.standard.hooks.subprocess.SubprocessHook","filename":"subprocess.py","lineno":106}
{"timestamp":"2025-10-06T16:27:39.788467Z","level":"info","event":"Downloading argon2_cffi_bindings-25.1.0-cp39-abi3-manylinux_2_26_x86_64.manylinux_2_28_x86_64.whl (87 kB)","logger":"airflow.task.hooks.airflow.providers.standard.hooks.subprocess.SubprocessHook","filename":"subprocess.py","lineno":106}
{"timestamp":"2025-10-06T16:27:39.853891Z","level":"info","event":"Downloading cffi-2.0.0-cp312-cp312-manylinux2014_x86_64.manylinux_2_17_x86_64.whl (219 kB)","logger":"airflow.task.hooks.airflow.providers.standard.hooks.subprocess.SubprocessHook","filename":"subprocess.py","lineno":106}
{"timestamp":"2025-10-06T16:27:39.955881Z","level":"info","event":"Downloading pycparser-2.23-py3-none-any.whl (118 kB)","logger":"airflow.task.hooks.airflow.providers.standard.hooks.subprocess.SubprocessHook","filename":"subprocess.py","lineno":106}
{"timestamp":"2025-10-06T16:27:40.089431Z","level":"info","event":"Installing collected packages: pytz, urllib3, tzdata, typing-extensions, six, pycryptodome, pycparser, psycopg2-binary, numpy, greenlet, certifi, sqlalchemy, python-dateutil, cffi, pandas, argon2-cffi-bindings, argon2-cffi, minio","logger":"airflow.task.hooks.airflow.providers.standard.hooks.subprocess.SubprocessHook","filename":"subprocess.py","lineno":106}
{"timestamp":"2025-10-06T16:27:15.199841Z","level":"info","event":"  WARNING: The scripts f2py and numpy-config are installed in '/usr/python/bin' which is not on PATH.","logger":"airflow.task.hooks.airflow.providers.standard.hooks.subprocess.SubprocessHook","filename":"subprocess.py","lineno":106}
{"timestamp":"2025-10-06T16:27:15.200219Z","level":"info","event":"  Consider adding this directory to PATH or, if you prefer to suppress this warning, use --no-warn-script-location.","logger":"airflow.task.hooks.airflow.providers.standard.hooks.subprocess.SubprocessHook","filename":"subprocess.py","lineno":106}
{"timestamp":"2025-10-06T16:27:20.141550Z","level":"info","event":"Successfully installed argon2-cffi-25.1.0 argon2-cffi-bindings-25.1.0 certifi-2025.10.5 cffi-2.0.0 greenlet-3.2.4 minio-7.2.18 numpy-2.3.3 pandas-2.3.3 psycopg2-binary-2.9.10 pycparser-2.23 pycryptodome-3.23.0 python-dateutil-2.9.0.post0 pytz-2025.2 six-1.17.0 sqlalchemy-2.0.43 typing-extensions-4.15.0 tzdata-2025.2 urllib3-2.5.0","logger":"airflow.task.hooks.airflow.providers.standard.hooks.subprocess.SubprocessHook","filename":"subprocess.py","lineno":106}
{"timestamp":"2025-10-06T16:27:20.141700Z","level":"info","event":"WARNING: Running pip as the 'root' user can result in broken permissions and conflicting behaviour with the system package manager, possibly rendering your system unusable. It is recommended to use a virtual environment instead: https://pip.pypa.io/warnings/venv. Use the --root-user-action option if you know what you are doing and want to suppress this warning.","logger":"airflow.task.hooks.airflow.providers.standard.hooks.subprocess.SubprocessHook","filename":"subprocess.py","lineno":106}
{"timestamp":"2025-10-06T16:27:20.359906Z","level":"info","event":"","logger":"airflow.task.hooks.airflow.providers.standard.hooks.subprocess.SubprocessHook","filename":"subprocess.py","lineno":106}
{"timestamp":"2025-10-06T16:27:20.360029Z","level":"info","event":"[notice] A new release of pip is available: 25.0.1 -> 25.2","logger":"airflow.task.hooks.airflow.providers.standard.hooks.subprocess.SubprocessHook","filename":"subprocess.py","lineno":106}
{"timestamp":"2025-10-06T16:27:20.360070Z","level":"info","event":"[notice] To update, run:  -m pip install --upgrade pip","logger":"airflow.task.hooks.airflow.providers.standard.hooks.subprocess.SubprocessHook","filename":"subprocess.py","lineno":106}
{"timestamp":"2025-10-06T16:27:21.030350Z","level":"info","event":"Downloading from MinIO...","logger":"airflow.task.hooks.airflow.providers.standard.hooks.subprocess.SubprocessHook","filename":"subprocess.py","lineno":106}
{"timestamp":"2025-10-06T16:27:21.035927Z","level":"info","event":"Downloaded to employees_large.csv","logger":"airflow.task.hooks.airflow.providers.standard.hooks.subprocess.SubprocessHook","filename":"subprocess.py","lineno":106}
{"timestamp":"2025-10-06T16:27:21.036039Z","level":"info","event":"Transforming data...","logger":"airflow.task.hooks.airflow.providers.standard.hooks.subprocess.SubprocessHook","filename":"subprocess.py","lineno":106}
{"timestamp":"2025-10-06T16:27:21.047659Z","level":"info","event":"Transformed rows: 500","logger":"airflow.task.hooks.airflow.providers.standard.hooks.subprocess.SubprocessHook","filename":"subprocess.py","lineno":106}
{"timestamp":"2025-10-06T16:27:21.047802Z","level":"info","event":"Loading into Postgres...","logger":"airflow.task.hooks.airflow.providers.standard.hooks.subprocess.SubprocessHook","filename":"subprocess.py","lineno":106}
{"timestamp":"2025-10-06T16:27:21.177033Z","level":"info","event":"Rows in table: 500","logger":"airflow.task.hooks.airflow.providers.standard.hooks.subprocess.SubprocessHook","filename":"subprocess.py","lineno":106}
{"timestamp":"2025-10-06T16:27:21.195596Z","level":"info","event":"Uploaded summary to MinIO: processed/employees_summary.csv","logger":"airflow.task.hooks.airflow.providers.standard.hooks.subprocess.SubprocessHook","filename":"subprocess.py","lineno":106}
{"timestamp":"2025-10-06T16:27:21.195707Z","level":"info","event":"Summary sample:","logger":"airflow.task.hooks.airflow.providers.standard.hooks.subprocess.SubprocessHook","filename":"subprocess.py","lineno":106}
{"timestamp":"2025-10-06T16:27:21.199098Z","level":"info","event":"         department  employees  avg_salary  avg_perf","logger":"airflow.task.hooks.airflow.providers.standard.hooks.subprocess.SubprocessHook","filename":"subprocess.py","lineno":106}
{"timestamp":"2025-10-06T16:27:21.199194Z","level":"info","event":"0  Customer Success         64    54005.03  3.445312","logger":"airflow.task.hooks.airflow.providers.standard.hooks.subprocess.SubprocessHook","filename":"subprocess.py","lineno":106}
{"timestamp":"2025-10-06T16:27:21.199263Z","level":"info","event":"1              Data         62    75100.10  3.296774","logger":"airflow.task.hooks.airflow.providers.standard.hooks.subprocess.SubprocessHook","filename":"subprocess.py","lineno":106}
{"timestamp":"2025-10-06T16:27:21.199308Z","level":"info","event":"2            Design         44    71084.82  3.377273","logger":"airflow.task.hooks.airflow.providers.standard.hooks.subprocess.SubprocessHook","filename":"subprocess.py","lineno":106}
{"timestamp":"2025-10-06T16:27:21.199341Z","level":"info","event":"3       Engineering         57    80246.40  3.703509","logger":"airflow.task.hooks.airflow.providers.standard.hooks.subprocess.SubprocessHook","filename":"subprocess.py","lineno":106}
{"timestamp":"2025-10-06T16:27:21.199370Z","level":"info","event":"4           Finance         58    75346.62  3.298276","logger":"airflow.task.hooks.airflow.providers.standard.hooks.subprocess.SubprocessHook","filename":"subprocess.py","lineno":106}
{"timestamp":"2025-10-06T16:27:21.287192Z","level":"info","event":"Command exited with return code 0","logger":"airflow.task.hooks.airflow.providers.standard.hooks.subprocess.SubprocessHook","filename":"subprocess.py","lineno":110}
{"timestamp":"2025-10-06T16:27:21.288529Z","level":"info","event":"Pushing xcom","ti":"RuntimeTaskInstance(id=UUID('0199ba58-e935-7b41-a6a7-aec640215954'), task_id='run_python_etl', dag_id='run_etl_docker', run_id='manual__2025-10-06T16:26:53.097855+00:00', try_number=1, dag_version_id=UUID('0199ba55-7408-793e-9972-31ab6fdfcf9f'), map_index=-1, hostname='1ac67b6ecc74', context_carrier={}, task=<Task(BashOperator): run_python_etl>, bundle_instance=LocalDagBundle(name=dags-folder), max_tries=0, start_date=datetime.datetime(2025, 10, 6, 16, 26, 53, 823562, tzinfo=datetime.timezone.utc), end_date=None, state=<TaskInstanceState.RUNNING: 'running'>, is_mapped=False, rendered_map_index=None)","logger":"task","filename":"task_runner.py","lineno":1352}
