{"timestamp":"2025-10-06T16:22:51.993652Z","level":"info","event":"DAG bundles loaded: dags-folder","logger":"airflow.dag_processing.bundles.manager.DagBundlesManager","filename":"manager.py","lineno":179}
{"timestamp":"2025-10-06T16:22:51.994707Z","level":"info","event":"Filling up the DagBag from /opt/airflow/dags/etl_run_dag.py","logger":"airflow.models.dagbag.DagBag","filename":"dagbag.py","lineno":593}
{"timestamp":"2025-10-06T16:22:52.253698Z","level":"info","event":"Tmp dir root location: /tmp","logger":"airflow.task.hooks.airflow.providers.standard.hooks.subprocess.SubprocessHook","filename":"subprocess.py","lineno":78}
{"timestamp":"2025-10-06T16:22:52.255355Z","level":"info","event":"Running command: ['/usr/bin/bash', '-c', 'python -m pip install --no-cache-dir -r /opt/airflow/mini-etl/requirements.txt && python /opt/airflow/mini-etl/etl.py']","logger":"airflow.task.hooks.airflow.providers.standard.hooks.subprocess.SubprocessHook","filename":"subprocess.py","lineno":88}
{"timestamp":"2025-10-06T16:22:52.265469Z","level":"info","event":"Output:","logger":"airflow.task.hooks.airflow.providers.standard.hooks.subprocess.SubprocessHook","filename":"subprocess.py","lineno":99}
{"timestamp":"2025-10-06T16:22:53.481707Z","level":"info","event":"Collecting minio (from -r /opt/airflow/mini-etl/requirements.txt (line 1))","logger":"airflow.task.hooks.airflow.providers.standard.hooks.subprocess.SubprocessHook","filename":"subprocess.py","lineno":106}
{"timestamp":"2025-10-06T16:22:53.652732Z","level":"info","event":"  Downloading minio-7.2.18-py3-none-any.whl.metadata (6.5 kB)","logger":"airflow.task.hooks.airflow.providers.standard.hooks.subprocess.SubprocessHook","filename":"subprocess.py","lineno":106}
{"timestamp":"2025-10-06T16:22:53.860049Z","level":"info","event":"Collecting pandas (from -r /opt/airflow/mini-etl/requirements.txt (line 2))","logger":"airflow.task.hooks.airflow.providers.standard.hooks.subprocess.SubprocessHook","filename":"subprocess.py","lineno":106}
{"timestamp":"2025-10-06T16:22:53.905852Z","level":"info","event":"  Downloading pandas-2.3.3-cp312-cp312-manylinux_2_24_x86_64.manylinux_2_28_x86_64.whl.metadata (91 kB)","logger":"airflow.task.hooks.airflow.providers.standard.hooks.subprocess.SubprocessHook","filename":"subprocess.py","lineno":106}
{"timestamp":"2025-10-06T16:22:54.270707Z","level":"info","event":"Collecting sqlalchemy (from -r /opt/airflow/mini-etl/requirements.txt (line 3))","logger":"airflow.task.hooks.airflow.providers.standard.hooks.subprocess.SubprocessHook","filename":"subprocess.py","lineno":106}
{"timestamp":"2025-10-06T16:22:54.318391Z","level":"info","event":"  Downloading sqlalchemy-2.0.43-cp312-cp312-manylinux_2_17_x86_64.manylinux2014_x86_64.whl.metadata (9.6 kB)","logger":"airflow.task.hooks.airflow.providers.standard.hooks.subprocess.SubprocessHook","filename":"subprocess.py","lineno":106}
{"timestamp":"2025-10-06T16:22:54.406099Z","level":"info","event":"Collecting psycopg2-binary (from -r /opt/airflow/mini-etl/requirements.txt (line 4))","logger":"airflow.task.hooks.airflow.providers.standard.hooks.subprocess.SubprocessHook","filename":"subprocess.py","lineno":106}
{"timestamp":"2025-10-06T16:22:54.451909Z","level":"info","event":"  Downloading psycopg2_binary-2.9.10-cp312-cp312-manylinux_2_17_x86_64.manylinux2014_x86_64.whl.metadata (4.9 kB)","logger":"airflow.task.hooks.airflow.providers.standard.hooks.subprocess.SubprocessHook","filename":"subprocess.py","lineno":106}
{"timestamp":"2025-10-06T16:22:54.509723Z","level":"info","event":"Collecting argon2-cffi (from minio->-r /opt/airflow/mini-etl/requirements.txt (line 1))","logger":"airflow.task.hooks.airflow.providers.standard.hooks.subprocess.SubprocessHook","filename":"subprocess.py","lineno":106}
{"timestamp":"2025-10-06T16:22:54.554911Z","level":"info","event":"  Downloading argon2_cffi-25.1.0-py3-none-any.whl.metadata (4.1 kB)","logger":"airflow.task.hooks.airflow.providers.standard.hooks.subprocess.SubprocessHook","filename":"subprocess.py","lineno":106}
{"timestamp":"2025-10-06T16:22:54.608938Z","level":"info","event":"Collecting certifi (from minio->-r /opt/airflow/mini-etl/requirements.txt (line 1))","logger":"airflow.task.hooks.airflow.providers.standard.hooks.subprocess.SubprocessHook","filename":"subprocess.py","lineno":106}
{"timestamp":"2025-10-06T16:22:54.665619Z","level":"info","event":"  Downloading certifi-2025.10.5-py3-none-any.whl.metadata (2.5 kB)","logger":"airflow.task.hooks.airflow.providers.standard.hooks.subprocess.SubprocessHook","filename":"subprocess.py","lineno":106}
{"timestamp":"2025-10-06T16:22:54.763941Z","level":"info","event":"Collecting pycryptodome (from minio->-r /opt/airflow/mini-etl/requirements.txt (line 1))","logger":"airflow.task.hooks.airflow.providers.standard.hooks.subprocess.SubprocessHook","filename":"subprocess.py","lineno":106}
{"timestamp":"2025-10-06T16:22:54.810046Z","level":"info","event":"  Downloading pycryptodome-3.23.0-cp37-abi3-manylinux_2_17_x86_64.manylinux2014_x86_64.whl.metadata (3.4 kB)","logger":"airflow.task.hooks.airflow.providers.standard.hooks.subprocess.SubprocessHook","filename":"subprocess.py","lineno":106}
{"timestamp":"2025-10-06T16:22:54.862051Z","level":"info","event":"Collecting typing-extensions (from minio->-r /opt/airflow/mini-etl/requirements.txt (line 1))","logger":"airflow.task.hooks.airflow.providers.standard.hooks.subprocess.SubprocessHook","filename":"subprocess.py","lineno":106}
{"timestamp":"2025-10-06T16:22:54.907404Z","level":"info","event":"  Downloading typing_extensions-4.15.0-py3-none-any.whl.metadata (3.3 kB)","logger":"airflow.task.hooks.airflow.providers.standard.hooks.subprocess.SubprocessHook","filename":"subprocess.py","lineno":106}
{"timestamp":"2025-10-06T16:22:54.964923Z","level":"info","event":"Collecting urllib3 (from minio->-r /opt/airflow/mini-etl/requirements.txt (line 1))","logger":"airflow.task.hooks.airflow.providers.standard.hooks.subprocess.SubprocessHook","filename":"subprocess.py","lineno":106}
{"timestamp":"2025-10-06T16:22:55.010340Z","level":"info","event":"  Downloading urllib3-2.5.0-py3-none-any.whl.metadata (6.5 kB)","logger":"airflow.task.hooks.airflow.providers.standard.hooks.subprocess.SubprocessHook","filename":"subprocess.py","lineno":106}
{"timestamp":"2025-10-06T16:22:55.163226Z","level":"info","event":"Collecting numpy>=1.26.0 (from pandas->-r /opt/airflow/mini-etl/requirements.txt (line 2))","logger":"airflow.task.hooks.airflow.providers.standard.hooks.subprocess.SubprocessHook","filename":"subprocess.py","lineno":106}
{"timestamp":"2025-10-06T16:22:55.210808Z","level":"info","event":"  Downloading numpy-2.3.3-cp312-cp312-manylinux_2_27_x86_64.manylinux_2_28_x86_64.whl.metadata (62 kB)","logger":"airflow.task.hooks.airflow.providers.standard.hooks.subprocess.SubprocessHook","filename":"subprocess.py","lineno":106}
{"timestamp":"2025-10-06T16:22:55.278369Z","level":"info","event":"Collecting python-dateutil>=2.8.2 (from pandas->-r /opt/airflow/mini-etl/requirements.txt (line 2))","logger":"airflow.task.hooks.airflow.providers.standard.hooks.subprocess.SubprocessHook","filename":"subprocess.py","lineno":106}
{"timestamp":"2025-10-06T16:22:55.323579Z","level":"info","event":"  Downloading python_dateutil-2.9.0.post0-py2.py3-none-any.whl.metadata (8.4 kB)","logger":"airflow.task.hooks.airflow.providers.standard.hooks.subprocess.SubprocessHook","filename":"subprocess.py","lineno":106}
{"timestamp":"2025-10-06T16:22:55.390540Z","level":"info","event":"Collecting pytz>=2020.1 (from pandas->-r /opt/airflow/mini-etl/requirements.txt (line 2))","logger":"airflow.task.hooks.airflow.providers.standard.hooks.subprocess.SubprocessHook","filename":"subprocess.py","lineno":106}
{"timestamp":"2025-10-06T16:22:55.437429Z","level":"info","event":"  Downloading pytz-2025.2-py2.py3-none-any.whl.metadata (22 kB)","logger":"airflow.task.hooks.airflow.providers.standard.hooks.subprocess.SubprocessHook","filename":"subprocess.py","lineno":106}
{"timestamp":"2025-10-06T16:22:55.491731Z","level":"info","event":"Collecting tzdata>=2022.7 (from pandas->-r /opt/airflow/mini-etl/requirements.txt (line 2))","logger":"airflow.task.hooks.airflow.providers.standard.hooks.subprocess.SubprocessHook","filename":"subprocess.py","lineno":106}
{"timestamp":"2025-10-06T16:22:55.536683Z","level":"info","event":"  Downloading tzdata-2025.2-py2.py3-none-any.whl.metadata (1.4 kB)","logger":"airflow.task.hooks.airflow.providers.standard.hooks.subprocess.SubprocessHook","filename":"subprocess.py","lineno":106}
{"timestamp":"2025-10-06T16:22:55.658058Z","level":"info","event":"Collecting greenlet>=1 (from sqlalchemy->-r /opt/airflow/mini-etl/requirements.txt (line 3))","logger":"airflow.task.hooks.airflow.providers.standard.hooks.subprocess.SubprocessHook","filename":"subprocess.py","lineno":106}
{"timestamp":"2025-10-06T16:22:55.714690Z","level":"info","event":"  Downloading greenlet-3.2.4-cp312-cp312-manylinux_2_24_x86_64.manylinux_2_28_x86_64.whl.metadata (4.1 kB)","logger":"airflow.task.hooks.airflow.providers.standard.hooks.subprocess.SubprocessHook","filename":"subprocess.py","lineno":106}
{"timestamp":"2025-10-06T16:22:55.769051Z","level":"info","event":"Collecting six>=1.5 (from python-dateutil>=2.8.2->pandas->-r /opt/airflow/mini-etl/requirements.txt (line 2))","logger":"airflow.task.hooks.airflow.providers.standard.hooks.subprocess.SubprocessHook","filename":"subprocess.py","lineno":106}
{"timestamp":"2025-10-06T16:22:55.814213Z","level":"info","event":"  Downloading six-1.17.0-py2.py3-none-any.whl.metadata (1.7 kB)","logger":"airflow.task.hooks.airflow.providers.standard.hooks.subprocess.SubprocessHook","filename":"subprocess.py","lineno":106}
{"timestamp":"2025-10-06T16:22:55.865636Z","level":"info","event":"Collecting argon2-cffi-bindings (from argon2-cffi->minio->-r /opt/airflow/mini-etl/requirements.txt (line 1))","logger":"airflow.task.hooks.airflow.providers.standard.hooks.subprocess.SubprocessHook","filename":"subprocess.py","lineno":106}
{"timestamp":"2025-10-06T16:22:55.911182Z","level":"info","event":"  Downloading argon2_cffi_bindings-25.1.0-cp39-abi3-manylinux_2_26_x86_64.manylinux_2_28_x86_64.whl.metadata (7.4 kB)","logger":"airflow.task.hooks.airflow.providers.standard.hooks.subprocess.SubprocessHook","filename":"subprocess.py","lineno":106}
{"timestamp":"2025-10-06T16:22:56.049039Z","level":"info","event":"Collecting cffi>=1.0.1 (from argon2-cffi-bindings->argon2-cffi->minio->-r /opt/airflow/mini-etl/requirements.txt (line 1))","logger":"airflow.task.hooks.airflow.providers.standard.hooks.subprocess.SubprocessHook","filename":"subprocess.py","lineno":106}
{"timestamp":"2025-10-06T16:22:56.094193Z","level":"info","event":"  Downloading cffi-2.0.0-cp312-cp312-manylinux2014_x86_64.manylinux_2_17_x86_64.whl.metadata (2.6 kB)","logger":"airflow.task.hooks.airflow.providers.standard.hooks.subprocess.SubprocessHook","filename":"subprocess.py","lineno":106}
{"timestamp":"2025-10-06T16:22:56.142922Z","level":"info","event":"Collecting pycparser (from cffi>=1.0.1->argon2-cffi-bindings->argon2-cffi->minio->-r /opt/airflow/mini-etl/requirements.txt (line 1))","logger":"airflow.task.hooks.airflow.providers.standard.hooks.subprocess.SubprocessHook","filename":"subprocess.py","lineno":106}
{"timestamp":"2025-10-06T16:22:56.188370Z","level":"info","event":"  Downloading pycparser-2.23-py3-none-any.whl.metadata (993 bytes)","logger":"airflow.task.hooks.airflow.providers.standard.hooks.subprocess.SubprocessHook","filename":"subprocess.py","lineno":106}
{"timestamp":"2025-10-06T16:22:56.236822Z","level":"info","event":"Downloading minio-7.2.18-py3-none-any.whl (93 kB)","logger":"airflow.task.hooks.airflow.providers.standard.hooks.subprocess.SubprocessHook","filename":"subprocess.py","lineno":106}
{"timestamp":"2025-10-06T16:22:56.301011Z","level":"info","event":"Downloading pandas-2.3.3-cp312-cp312-manylinux_2_24_x86_64.manylinux_2_28_x86_64.whl (12.4 MB)","logger":"airflow.task.hooks.airflow.providers.standard.hooks.subprocess.SubprocessHook","filename":"subprocess.py","lineno":106}
{"timestamp":"2025-10-06T16:22:59.474862Z","level":"info","event":"   ━━━━━━━━━━━━━━━━━━━━━━━━━━━━━━━━━━━━━━━━ 12.4/12.4 MB 3.9 MB/s eta 0:00:00","logger":"airflow.task.hooks.airflow.providers.standard.hooks.subprocess.SubprocessHook","filename":"subprocess.py","lineno":106}
{"timestamp":"2025-10-06T16:22:59.521770Z","level":"info","event":"Downloading sqlalchemy-2.0.43-cp312-cp312-manylinux_2_17_x86_64.manylinux2014_x86_64.whl (3.3 MB)","logger":"airflow.task.hooks.airflow.providers.standard.hooks.subprocess.SubprocessHook","filename":"subprocess.py","lineno":106}
{"timestamp":"2025-10-06T16:23:00.712760Z","level":"info","event":"   ━━━━━━━━━━━━━━━━━━━━━━━━━━━━━━━━━━━━━━━━ 3.3/3.3 MB 2.9 MB/s eta 0:00:00","logger":"airflow.task.hooks.airflow.providers.standard.hooks.subprocess.SubprocessHook","filename":"subprocess.py","lineno":106}
{"timestamp":"2025-10-06T16:23:00.759864Z","level":"info","event":"Downloading psycopg2_binary-2.9.10-cp312-cp312-manylinux_2_17_x86_64.manylinux2014_x86_64.whl (3.0 MB)","logger":"airflow.task.hooks.airflow.providers.standard.hooks.subprocess.SubprocessHook","filename":"subprocess.py","lineno":106}
{"timestamp":"2025-10-06T16:23:01.758611Z","level":"info","event":"   ━━━━━━━━━━━━━━━━━━━━━━━━━━━━━━━━━━━━━━━━ 3.0/3.0 MB 3.0 MB/s eta 0:00:00","logger":"airflow.task.hooks.airflow.providers.standard.hooks.subprocess.SubprocessHook","filename":"subprocess.py","lineno":106}
{"timestamp":"2025-10-06T16:23:01.800892Z","level":"info","event":"Downloading greenlet-3.2.4-cp312-cp312-manylinux_2_24_x86_64.manylinux_2_28_x86_64.whl (607 kB)","logger":"airflow.task.hooks.airflow.providers.standard.hooks.subprocess.SubprocessHook","filename":"subprocess.py","lineno":106}
{"timestamp":"2025-10-06T16:23:01.937449Z","level":"info","event":"   ━━━━━━━━━━━━━━━━━━━━━━━━━━━━━━━━━━━━━━━━ 607.6/607.6 kB 3.3 MB/s eta 0:00:00","logger":"airflow.task.hooks.airflow.providers.standard.hooks.subprocess.SubprocessHook","filename":"subprocess.py","lineno":106}
{"timestamp":"2025-10-06T16:23:01.988798Z","level":"info","event":"Downloading numpy-2.3.3-cp312-cp312-manylinux_2_27_x86_64.manylinux_2_28_x86_64.whl (16.6 MB)","logger":"airflow.task.hooks.airflow.providers.standard.hooks.subprocess.SubprocessHook","filename":"subprocess.py","lineno":106}
